Using pre-set license
Built from '2020.3/staging' branch; Version is '2020.3.19f1 (68f137dc9bbe) revision 6877495'; Using compiler version '192528614'; Build Type 'Release'
OS: 'Windows 10 Home; OS build 19045.2364; Version 2009; 64bit' Language: 'en' Physical Memory: 8075 MB
BatchMode: 1, IsHumanControllingUs: 0, StartBugReporterOnCrash: 0, Is64bit: 1, IsPro: 0

COMMAND LINE ARGUMENTS:
C:\Program Files\Unity\Hub\Editor\2020.3.19f1\Editor\Unity.exe
-adb2
-batchMode
-noUpm
-name
AssetImportWorker0
-projectPath
C:/Users/Acer/Documents/GitHub/RepositorioClaseEBAC/ProyectoInicialEbac
-logFile
Logs/AssetImportWorker0.log
-srvPort
50514
Successfully changed project path to: C:/Users/Acer/Documents/GitHub/RepositorioClaseEBAC/ProyectoInicialEbac
C:/Users/Acer/Documents/GitHub/RepositorioClaseEBAC/ProyectoInicialEbac
Using Asset Import Pipeline V2.
Refreshing native plugins compatible for Editor in 58.98 ms, found 2 plugins.
Preloading 0 native plugins for Editor in 0.00 ms.
Initialize engine version: 2020.3.19f1 (68f137dc9bbe)
[Subsystems] Discovering subsystems at path C:/Program Files/Unity/Hub/Editor/2020.3.19f1/Editor/Data/Resources/UnitySubsystems
[Subsystems] Discovering subsystems at path C:/Users/Acer/Documents/GitHub/RepositorioClaseEBAC/ProyectoInicialEbac/Assets
GfxDevice: creating device client; threaded=0
Direct3D:
    Version:  Direct3D 11.0 [level 11.1]
    Renderer: NVIDIA GeForce GTX 1050 Ti (ID=0x1c8c)
    Vendor:   
    VRAM:     4018 MB
    Driver:   30.0.14.9613
Initialize mono
Mono path[0] = 'C:/Program Files/Unity/Hub/Editor/2020.3.19f1/Editor/Data/Managed'
Mono path[1] = 'C:/Program Files/Unity/Hub/Editor/2020.3.19f1/Editor/Data/MonoBleedingEdge/lib/mono/unityjit'
Mono config path = 'C:/Program Files/Unity/Hub/Editor/2020.3.19f1/Editor/Data/MonoBleedingEdge/etc'
Using monoOptions --debugger-agent=transport=dt_socket,embedding=1,server=y,suspend=n,address=127.0.0.1:56180
Begin MonoManager ReloadAssembly
Registering precompiled unity dll's ...
Register platform support module: C:/Program Files/Unity/Hub/Editor/2020.3.19f1/Editor/Data/PlaybackEngines/WindowsStandaloneSupport/UnityEditor.WindowsStandalone.Extensions.dll
Registered in 0.005314 seconds.
Native extension for WindowsStandalone target not found
Refreshing native plugins compatible for Editor in 50.82 ms, found 2 plugins.
Preloading 0 native plugins for Editor in 0.00 ms.
Mono: successfully reloaded assembly
- Completed reload, in  4.236 seconds
Domain Reload Profiling:
	ReloadAssembly (4236ms)
		BeginReloadAssembly (121ms)
			ExecutionOrderSort (0ms)
			DisableScriptedObjects (0ms)
			BackupInstance (0ms)
			ReleaseScriptingObjects (0ms)
			CreateAndSetChildDomain (1ms)
		EndReloadAssembly (738ms)
			LoadAssemblies (116ms)
			RebuildTransferFunctionScriptingTraits (0ms)
			SetupTypeCache (277ms)
			ReleaseScriptCaches (0ms)
			RebuildScriptCaches (53ms)
			SetupLoadedEditorAssemblies (278ms)
				LogAssemblyErrors (0ms)
				InitializePlatformSupportModulesInManaged (7ms)
				SetLoadedEditorAssemblies (0ms)
				RefreshPlugins (51ms)
				BeforeProcessingInitializeOnLoad (29ms)
				ProcessInitializeOnLoadAttributes (139ms)
				ProcessInitializeOnLoadMethodAttributes (52ms)
				AfterProcessingInitializeOnLoad (0ms)
				EditorAssembliesLoaded (0ms)
			ExecutionOrderSort2 (0ms)
			AwakeInstancesAfterBackupRestoration (0ms)
Platform modules already initialized, skipping
Registering precompiled user dll's ...
Registered in 0.006455 seconds.
Begin MonoManager ReloadAssembly
Native extension for WindowsStandalone target not found
Refreshing native plugins compatible for Editor in 0.50 ms, found 2 plugins.
Preloading 0 native plugins for Editor in 0.00 ms.
Mono: successfully reloaded assembly
- Completed reload, in  1.806 seconds
Domain Reload Profiling:
	ReloadAssembly (1808ms)
		BeginReloadAssembly (279ms)
			ExecutionOrderSort (0ms)
			DisableScriptedObjects (11ms)
			BackupInstance (0ms)
			ReleaseScriptingObjects (0ms)
			CreateAndSetChildDomain (28ms)
		EndReloadAssembly (1414ms)
			LoadAssemblies (168ms)
			RebuildTransferFunctionScriptingTraits (0ms)
			SetupTypeCache (479ms)
			ReleaseScriptCaches (1ms)
			RebuildScriptCaches (74ms)
			SetupLoadedEditorAssemblies (535ms)
				LogAssemblyErrors (0ms)
				InitializePlatformSupportModulesInManaged (9ms)
				SetLoadedEditorAssemblies (1ms)
				RefreshPlugins (1ms)
				BeforeProcessingInitializeOnLoad (139ms)
				ProcessInitializeOnLoadAttributes (363ms)
				ProcessInitializeOnLoadMethodAttributes (8ms)
				AfterProcessingInitializeOnLoad (15ms)
				EditorAssembliesLoaded (0ms)
			ExecutionOrderSort2 (0ms)
			AwakeInstancesAfterBackupRestoration (11ms)
Platform modules already initialized, skipping
========================================================================
Worker process is ready to serve import requests
Launched and connected shader compiler UnityShaderCompiler.exe after 0.08 seconds
Refreshing native plugins compatible for Editor in 0.42 ms, found 2 plugins.
Preloading 0 native plugins for Editor in 0.00 ms.
Unloading 1424 Unused Serialized files (Serialized files now loaded: 0)
System memory in use before: 65.8 MB.
System memory in use after: 65.9 MB.

Unloading 16 unused Assets to reduce memory usage. Loaded Objects now: 1860.
Total: 4.715600 ms (FindLiveObjects: 0.202600 ms CreateObjectMapping: 0.069600 ms MarkObjects: 4.339100 ms  DeleteObjects: 0.102400 ms)

AssetImportParameters requested are different than current active one (requested -> active):
  custom:framework-win-MediaFoundation: 216162199b28c13a410421893ffa2e32 -> 
  custom:video-decoder-ogg-theora: a1e56fd34408186e4bbccfd4996cb3dc -> 
  custom:container-muxer-webm: aa71ff27fc2769a1b78a27578f13a17b -> 
  custom:container-demuxer-webm: 4f35f7cbe854078d1ac9338744f61a02 -> 
  custom:container-demuxer-ogg: 62fdf1f143b41e24485cea50d1cbac27 -> 
  custom:video-encoder-webm-vp8: eb34c28f22e8b96e1ab97ce403110664 -> 
  custom:video-codec-MediaFoundation-h265: 746d11721c4dcdbdad8f713fa42b33f4 -> 
  custom:video-decoder-webm-vp8: 9c59270c3fd7afecdb556c50c9e8de78 -> 
  custom:audio-decoder-ogg-vorbis: bf7c407c2cedff20999df2af8eb42d56 -> 
  custom:audio-encoder-webm-vorbis: bf7c407c2cedff20999df2af8eb42d56 -> 
========================================================================
Received Import Request.
  path: Assets/Scripts/EstructuraDeDatos.cs
  artifactKey: Guid(510d7d5476d85a44b948bbf7846f0165) Importer(815301076,1909f56bfc062723c751e8b465ee728b)
Start importing Assets/Scripts/EstructuraDeDatos.cs using Guid(510d7d5476d85a44b948bbf7846f0165) Importer(815301076,1909f56bfc062723c751e8b465ee728b)  -> (artifact id: '253d6fb1295e66e00a0ecc853e5e2c0e') in 0.065014 seconds 
  Import took 0.070238 seconds .

========================================================================
Received Import Request.
  Time since last request: 312.808517 seconds.
  path: Assets/Scripts/EstructuraDeDatos.cs
  artifactKey: Guid(510d7d5476d85a44b948bbf7846f0165) Importer(815301076,1909f56bfc062723c751e8b465ee728b)
Start importing Assets/Scripts/EstructuraDeDatos.cs using Guid(510d7d5476d85a44b948bbf7846f0165) Importer(815301076,1909f56bfc062723c751e8b465ee728b)  -> (artifact id: '1e125a1c06ae50f4ac4554559c2033d3') in 0.010325 seconds 
  Import took 0.020905 seconds .

========================================================================
Received Import Request.
  Time since last request: 408.387011 seconds.
  path: Assets/Scripts/EstructuraDeDatos.cs
  artifactKey: Guid(510d7d5476d85a44b948bbf7846f0165) Importer(815301076,1909f56bfc062723c751e8b465ee728b)
Start importing Assets/Scripts/EstructuraDeDatos.cs using Guid(510d7d5476d85a44b948bbf7846f0165) Importer(815301076,1909f56bfc062723c751e8b465ee728b)  -> (artifact id: '024632d7ca52d1272fd5e93ae1c6328d') in 0.007417 seconds 
  Import took 0.012167 seconds .

========================================================================
Received Import Request.
  Time since last request: 39.321191 seconds.
  path: Assets/Scripts/EstructuraDeDatos.cs
  artifactKey: Guid(510d7d5476d85a44b948bbf7846f0165) Importer(815301076,1909f56bfc062723c751e8b465ee728b)
Start importing Assets/Scripts/EstructuraDeDatos.cs using Guid(510d7d5476d85a44b948bbf7846f0165) Importer(815301076,1909f56bfc062723c751e8b465ee728b)  -> (artifact id: '5b800777b29816516ea1b6cf538f92a2') in 0.006485 seconds 
  Import took 0.011317 seconds .

========================================================================
Received Import Request.
  Time since last request: 75.179304 seconds.
  path: Assets/Scripts/EstructuraDeDatos.cs
  artifactKey: Guid(510d7d5476d85a44b948bbf7846f0165) Importer(815301076,1909f56bfc062723c751e8b465ee728b)
Start importing Assets/Scripts/EstructuraDeDatos.cs using Guid(510d7d5476d85a44b948bbf7846f0165) Importer(815301076,1909f56bfc062723c751e8b465ee728b)  -> (artifact id: '2d740b83b8411f039d4b5b95884aca44') in 0.005288 seconds 
  Import took 0.009902 seconds .

========================================================================
Received Import Request.
  Time since last request: 82.865228 seconds.
  path: Assets/Scripts/EstructuraDeDatos.cs
  artifactKey: Guid(510d7d5476d85a44b948bbf7846f0165) Importer(815301076,1909f56bfc062723c751e8b465ee728b)
Start importing Assets/Scripts/EstructuraDeDatos.cs using Guid(510d7d5476d85a44b948bbf7846f0165) Importer(815301076,1909f56bfc062723c751e8b465ee728b)  -> (artifact id: 'cbe50dae856f85dfe2e9c252ada66dba') in 0.004928 seconds 
  Import took 0.009816 seconds .

========================================================================
Received Import Request.
  Time since last request: 46.317859 seconds.
  path: Assets/Scripts/EstructuraDeDatos.cs
  artifactKey: Guid(510d7d5476d85a44b948bbf7846f0165) Importer(815301076,1909f56bfc062723c751e8b465ee728b)
Start importing Assets/Scripts/EstructuraDeDatos.cs using Guid(510d7d5476d85a44b948bbf7846f0165) Importer(815301076,1909f56bfc062723c751e8b465ee728b)  -> (artifact id: '0415730c29fa7f67d88007995c18bda9') in 0.006157 seconds 
  Import took 0.010885 seconds .

========================================================================
Received Import Request.
  Time since last request: 225.862281 seconds.
  path: Assets/Scripts/EstructuraDeDatos.cs
  artifactKey: Guid(510d7d5476d85a44b948bbf7846f0165) Importer(815301076,1909f56bfc062723c751e8b465ee728b)
Start importing Assets/Scripts/EstructuraDeDatos.cs using Guid(510d7d5476d85a44b948bbf7846f0165) Importer(815301076,1909f56bfc062723c751e8b465ee728b)  -> (artifact id: '9ef0efe2d45c7d3613032c823c640859') in 0.006981 seconds 
  Import took 0.017855 seconds .

========================================================================
Received Import Request.
  Time since last request: 351.567828 seconds.
  path: Assets/Scripts/EstructuraDeDatos.cs
  artifactKey: Guid(510d7d5476d85a44b948bbf7846f0165) Importer(815301076,1909f56bfc062723c751e8b465ee728b)
Start importing Assets/Scripts/EstructuraDeDatos.cs using Guid(510d7d5476d85a44b948bbf7846f0165) Importer(815301076,1909f56bfc062723c751e8b465ee728b)  -> (artifact id: '9c4401a10f97ac091d96d46a5d24b143') in 0.006069 seconds 
  Import took 0.011484 seconds .

========================================================================
Received Import Request.
  Time since last request: 324.240258 seconds.
  path: Assets/Scripts/EstructuraDeDatos.cs
  artifactKey: Guid(510d7d5476d85a44b948bbf7846f0165) Importer(815301076,1909f56bfc062723c751e8b465ee728b)
Start importing Assets/Scripts/EstructuraDeDatos.cs using Guid(510d7d5476d85a44b948bbf7846f0165) Importer(815301076,1909f56bfc062723c751e8b465ee728b)  -> (artifact id: '9559616671d00c7b2a466e54721e50df') in 0.029164 seconds 
  Import took 0.036977 seconds .

========================================================================
Received Import Request.
  Time since last request: 379.552581 seconds.
  path: Assets/Scripts/EstructuraDeDatos.cs
  artifactKey: Guid(510d7d5476d85a44b948bbf7846f0165) Importer(815301076,1909f56bfc062723c751e8b465ee728b)
Start importing Assets/Scripts/EstructuraDeDatos.cs using Guid(510d7d5476d85a44b948bbf7846f0165) Importer(815301076,1909f56bfc062723c751e8b465ee728b)  -> (artifact id: 'b61f8ae47537cfeb9b8328e99ed9edac') in 0.005711 seconds 
  Import took 0.013803 seconds .

========================================================================
Received Import Request.
  Time since last request: 39.849452 seconds.
  path: Assets/Scripts/EstructuraDeDatos.cs
  artifactKey: Guid(510d7d5476d85a44b948bbf7846f0165) Importer(815301076,1909f56bfc062723c751e8b465ee728b)
Start importing Assets/Scripts/EstructuraDeDatos.cs using Guid(510d7d5476d85a44b948bbf7846f0165) Importer(815301076,1909f56bfc062723c751e8b465ee728b)  -> (artifact id: '46507169fdb3a72dd7c8296f76f0129b') in 0.005488 seconds 
  Import took 0.010673 seconds .

========================================================================
Received Import Request.
  Time since last request: 368.574484 seconds.
  path: Assets/Scripts/EstructuraDeDatos.cs
  artifactKey: Guid(510d7d5476d85a44b948bbf7846f0165) Importer(815301076,1909f56bfc062723c751e8b465ee728b)
Start importing Assets/Scripts/EstructuraDeDatos.cs using Guid(510d7d5476d85a44b948bbf7846f0165) Importer(815301076,1909f56bfc062723c751e8b465ee728b)  -> (artifact id: '1705262f66f11cd2d25e4969625bc95c') in 0.006539 seconds 
  Import took 0.012071 seconds .

========================================================================
Received Import Request.
  Time since last request: 97.067258 seconds.
  path: Assets/Scripts/EstructuraDeDatos.cs
  artifactKey: Guid(510d7d5476d85a44b948bbf7846f0165) Importer(815301076,1909f56bfc062723c751e8b465ee728b)
Start importing Assets/Scripts/EstructuraDeDatos.cs using Guid(510d7d5476d85a44b948bbf7846f0165) Importer(815301076,1909f56bfc062723c751e8b465ee728b)  -> (artifact id: '8eb263d9620684ec75754b7e1a43e725') in 0.005698 seconds 
  Import took 0.010468 seconds .

========================================================================
Received Import Request.
  Time since last request: 154.384319 seconds.
  path: Assets/Scripts/EstructuraDeDatos.cs
  artifactKey: Guid(510d7d5476d85a44b948bbf7846f0165) Importer(815301076,1909f56bfc062723c751e8b465ee728b)
Start importing Assets/Scripts/EstructuraDeDatos.cs using Guid(510d7d5476d85a44b948bbf7846f0165) Importer(815301076,1909f56bfc062723c751e8b465ee728b)  -> (artifact id: '76ec7222862ef567c7b6a68ab3a4b34a') in 0.005770 seconds 
  Import took 0.011689 seconds .

========================================================================
Received Import Request.
  Time since last request: 95.412560 seconds.
  path: Assets/Scripts/EstructuraDeDatos.cs
  artifactKey: Guid(510d7d5476d85a44b948bbf7846f0165) Importer(815301076,1909f56bfc062723c751e8b465ee728b)
Start importing Assets/Scripts/EstructuraDeDatos.cs using Guid(510d7d5476d85a44b948bbf7846f0165) Importer(815301076,1909f56bfc062723c751e8b465ee728b)  -> (artifact id: '3e1d73b607d512c84e927df6aaa26a87') in 0.005212 seconds 
  Import took 0.010273 seconds .

========================================================================
Received Import Request.
  Time since last request: 795.912841 seconds.
  path: Assets/Scripts/EstructuraDeDatos.cs
  artifactKey: Guid(510d7d5476d85a44b948bbf7846f0165) Importer(815301076,1909f56bfc062723c751e8b465ee728b)
Start importing Assets/Scripts/EstructuraDeDatos.cs using Guid(510d7d5476d85a44b948bbf7846f0165) Importer(815301076,1909f56bfc062723c751e8b465ee728b)  -> (artifact id: 'e4c9ddaf06ae821b66f73800538ff721') in 0.007020 seconds 
  Import took 0.013227 seconds .

========================================================================
Received Prepare
Registering precompiled user dll's ...
Registered in 0.009050 seconds.
Begin MonoManager ReloadAssembly
Native extension for WindowsStandalone target not found
Refreshing native plugins compatible for Editor in 0.44 ms, found 2 plugins.
Preloading 0 native plugins for Editor in 0.00 ms.
Mono: successfully reloaded assembly
- Completed reload, in  1.851 seconds
Domain Reload Profiling:
	ReloadAssembly (1854ms)
		BeginReloadAssembly (328ms)
			ExecutionOrderSort (0ms)
			DisableScriptedObjects (20ms)
			BackupInstance (0ms)
			ReleaseScriptingObjects (0ms)
			CreateAndSetChildDomain (128ms)
		EndReloadAssembly (1403ms)
			LoadAssemblies (187ms)
			RebuildTransferFunctionScriptingTraits (0ms)
			SetupTypeCache (484ms)
			ReleaseScriptCaches (1ms)
			RebuildScriptCaches (73ms)
			SetupLoadedEditorAssemblies (506ms)
				LogAssemblyErrors (0ms)
				InitializePlatformSupportModulesInManaged (9ms)
				SetLoadedEditorAssemblies (1ms)
				RefreshPlugins (1ms)
				BeforeProcessingInitializeOnLoad (132ms)
				ProcessInitializeOnLoadAttributes (342ms)
				ProcessInitializeOnLoadMethodAttributes (7ms)
				AfterProcessingInitializeOnLoad (15ms)
				EditorAssembliesLoaded (0ms)
			ExecutionOrderSort2 (0ms)
			AwakeInstancesAfterBackupRestoration (12ms)
Platform modules already initialized, skipping
Refreshing native plugins compatible for Editor in 0.43 ms, found 2 plugins.
Preloading 0 native plugins for Editor in 0.00 ms.
Unloading 1418 Unused Serialized files (Serialized files now loaded: 0)
System memory in use before: 65.7 MB.
System memory in use after: 65.8 MB.

Unloading 11 unused Assets to reduce memory usage. Loaded Objects now: 1862.
Total: 4.459200 ms (FindLiveObjects: 0.190300 ms CreateObjectMapping: 0.064100 ms MarkObjects: 4.172000 ms  DeleteObjects: 0.031200 ms)

AssetImportParameters requested are different than current active one (requested -> active):
  custom:framework-win-MediaFoundation: 216162199b28c13a410421893ffa2e32 -> 
  custom:video-decoder-ogg-theora: a1e56fd34408186e4bbccfd4996cb3dc -> 
  custom:container-muxer-webm: aa71ff27fc2769a1b78a27578f13a17b -> 
  custom:container-demuxer-webm: 4f35f7cbe854078d1ac9338744f61a02 -> 
  custom:container-demuxer-ogg: 62fdf1f143b41e24485cea50d1cbac27 -> 
  custom:video-encoder-webm-vp8: eb34c28f22e8b96e1ab97ce403110664 -> 
  custom:video-codec-MediaFoundation-h265: 746d11721c4dcdbdad8f713fa42b33f4 -> 
  custom:video-decoder-webm-vp8: 9c59270c3fd7afecdb556c50c9e8de78 -> 
  custom:audio-decoder-ogg-vorbis: bf7c407c2cedff20999df2af8eb42d56 -> 
  custom:audio-encoder-webm-vorbis: bf7c407c2cedff20999df2af8eb42d56 -> 
AssetImportWorkerClient::OnTransportError - code=2 error=End of file
